\BOOKMARK [1][-]{section.1}{Introduction}{}% 1
\BOOKMARK [1][-]{section.2}{Data Samples}{}% 2
\BOOKMARK [2][-]{subsection.2.1}{Simulated Signal Samples}{section.2}% 3
\BOOKMARK [2][-]{subsection.2.2}{Simulated Background Samples}{section.2}% 4
\BOOKMARK [1][-]{section.3}{Muon and Jet Object Definitions}{}% 5
\BOOKMARK [1][-]{section.4}{VH Selection Criteria}{}% 6
\BOOKMARK [2][-]{subsection.4.1}{Introduction}{section.4}% 7
\BOOKMARK [2][-]{subsection.4.2}{Basic Jet Selection Criteria}{section.4}% 8
\BOOKMARK [2][-]{subsection.4.3}{Dijet Invariant Mass}{section.4}% 9
\BOOKMARK [2][-]{subsection.4.4}{Transverse Angle Between the Higgs and Vector Boson}{section.4}% 10
\BOOKMARK [2][-]{subsection.4.5}{Missing Transverse Momentum}{section.4}% 11
\BOOKMARK [2][-]{subsection.4.6}{Dimuon Transverse Momentum}{section.4}% 12
\BOOKMARK [1][-]{section.5}{VH Analysis Optimization 1 \(for 8 TeV Simulated data\)}{}% 13
\BOOKMARK [2][-]{subsection.5.1}{Introduction}{section.5}% 14
\BOOKMARK [2][-]{subsection.5.2}{Selection Optimization}{section.5}% 15
\BOOKMARK [2][-]{subsection.5.3}{Choosing Correct Dijet}{section.5}% 16
\BOOKMARK [2][-]{subsection.5.4}{Maximum Likelihood Fits for Dijet Mass}{section.5}% 17
\BOOKMARK [1][-]{section.6}{VH Analysis Optimization 2 \(for 8 TeV data\)}{}% 18
\BOOKMARK [2][-]{subsection.6.1}{Introduction}{section.6}% 19
\BOOKMARK [2][-]{subsection.6.2}{Expected Limits Definition}{section.6}% 20
\BOOKMARK [2][-]{subsection.6.3}{Selection Optimization}{section.6}% 21
\BOOKMARK [1][-]{section.7}{VH Analysis Optimization 3 \(for 13 TeV simulated data\)}{}% 22
\BOOKMARK [1][-]{section.8}{Background Fits involving Numeric Convolution}{}% 23
